#
# There is insufficient memory for the Java Runtime Environment to continue.
# Native memory allocation (mmap) failed to map 67108864 bytes for Failed to commit area from 0x00000000c1400000 to 0x00000000c5400000 of length 67108864.
# Possible reasons:
#   The system is out of physical RAM or swap space
#   The process is running with CompressedOops enabled, and the Java Heap may be blocking the growth of the native heap
# Possible solutions:
#   Reduce memory load on the system
#   Increase physical memory or swap space
#   Check if swap backing store is full
#   Decrease Java heap size (-Xmx/-Xms)
#   Decrease number of Java threads
#   Decrease Java thread stack sizes (-Xss)
#   Set larger code cache with -XX:ReservedCodeCacheSize=
#   JVM is running with Unscaled Compressed Oops mode in which the Java heap is
#     placed in the first 4GB address space. The Java Heap base address is the
#     maximum limit for the native heap growth. Please use -XX:HeapBaseMinAddress
#     to set the Java Heap base and to place the Java Heap above 4GB virtual address.
# This output file may be truncated or incomplete.
#
#  Out of Memory Error (./open/src/hotspot/os/windows/os_windows.cpp:3315), pid=11152, tid=16192
#
# JRE version:  (14.0.2+12) (build )
# Java VM: Java HotSpot(TM) 64-Bit Server VM (14.0.2+12-46, mixed mode, sharing, tiered, compressed oops, g1 gc, windows-amd64)
# No core dump will be written. Minidumps are not enabled by default on client versions of Windows
#

---------------  S U M M A R Y ------------

Command Line: --module-path=C:\Kevs CompSci Schooling\javafx-sdk-16\lib --add-modules=javafx.controls,javafx.fxml -Dfile.encoding=Cp1252 mru.tsc.application.Main

Host: Intel(R) Core(TM) i5-7200U CPU @ 2.50GHz, 4 cores, 3G,  Windows 10 , 64 bit Build 19041 (10.0.19041.804)
Time: Fri Apr  9 15:47:29 2021 Mountain Daylight Time elapsed time: 0 seconds (0d 0h 0m 0s)

---------------  T H R E A D  ---------------

Current thread (0x000001d332b59800):  JavaThread "Unknown thread" [_thread_in_vm, id=16192, stack(0x0000007eb1d00000,0x0000007eb1e00000)]

Stack: [0x0000007eb1d00000,0x0000007eb1e00000]
Native frames: (J=compiled Java code, j=interpreted, Vv=VM code, C=native code)
V  [jvm.dll+0x5f8a9a]
V  [jvm.dll+0x74247a]
V  [jvm.dll+0x743c2f]
V  [jvm.dll+0x744273]
V  [jvm.dll+0x20d288]
V  [jvm.dll+0x5f5dea]
V  [jvm.dll+0x5eac45]
V  [jvm.dll+0x2c7e9c]
V  [jvm.dll+0x2c7cd2]
V  [jvm.dll+0x2cdbbc]
V  [jvm.dll+0x313fe8]
V  [jvm.dll+0x313710]
V  [jvm.dll+0x2a092a]
V  [jvm.dll+0x2a1a79]
V  [jvm.dll+0x71fd48]
V  [jvm.dll+0x321c14]
V  [jvm.dll+0x70112c]
V  [jvm.dll+0x392def]
V  [jvm.dll+0x394e61]
C  [jli.dll+0x524b]
C  [ucrtbase.dll+0x21bb2]
C  [KERNEL32.DLL+0x17034]
C  [ntdll.dll+0x52651]


---------------  P R O C E S S  ---------------

Threads class SMR info:
_java_thread_list=0x00007ffce90d3038, length=0, elements={
}

Java Threads: ( => current thread )

Other Threads:
  0x000001d332b88800 GCTaskThread "GC Thread#0" [stack: 0x0000007eb1e00000,0x0000007eb1f00000] [id=18344]
  0x000001d332b93800 ConcurrentGCThread "G1 Main Marker" [stack: 0x0000007eb1f00000,0x0000007eb2000000] [id=15512]
  0x000001d332b96800 ConcurrentGCThread "G1 Conc#0" [stack: 0x0000007eb2000000,0x0000007eb2100000] [id=12152]

[error occurred during error reporting (printing all threads), id 0xc0000005, EXCEPTION_ACCESS_VIOLATION (0xc0000005) at pc=0x00007ffce8901257]

VM state:not at safepoint (not fully initialized)

VM Mutex/Monitor currently owned by a thread:  ([mutex/lock_event])
[0x000001d332b563b0] Heap_lock - owner thread: 0x000001d332b59800

Heap address: 0x00000000c1400000, size: 1004 MB, Compressed Oops mode: 32-bit
Narrow klass base: 0x0000000000000000, Narrow klass shift: 0

GC Heap History (0 events):
No events

Deoptimization events (0 events):
No events

Classes unloaded (0 events):
No events

Classes redefined (0 events):
No events

Internal exceptions (0 events):
No events

Events (2 events):
Event: 0.013 Loaded shared library C:\Program Files\Java\jdk-14.0.2\bin\java.dll
Event: 0.014 Loaded shared library C:\Program Files\Java\jdk-14.0.2\bin\zip.dll


Dynamic libraries:
0x00007ff67ac10000 - 0x00007ff67ac1f000 	C:\Program Files\Java\jdk-14.0.2\bin\javaw.exe
0x00007ffd22610000 - 0x00007ffd22805000 	C:\WINDOWS\SYSTEM32\ntdll.dll
0x00007ffd20860000 - 0x00007ffd2091d000 	C:\WINDOWS\System32\KERNEL32.DLL
0x00007ffd20230000 - 0x00007ffd204f9000 	C:\WINDOWS\System32\KERNELBASE.dll
0x00007ffd1fe00000 - 0x00007ffd1ff00000 	C:\WINDOWS\System32\ucrtbase.dll
0x00007ffd0aba0000 - 0x00007ffd0abb5000 	C:\Program Files\Java\jdk-14.0.2\bin\VCRUNTIME140.dll
0x00007ffd0abc0000 - 0x00007ffd0abd8000 	C:\Program Files\Java\jdk-14.0.2\bin\jli.dll
0x00007ffd21e60000 - 0x00007ffd21f0c000 	C:\WINDOWS\System32\ADVAPI32.dll
0x00007ffd21030000 - 0x00007ffd210ce000 	C:\WINDOWS\System32\msvcrt.dll
0x00007ffd20d10000 - 0x00007ffd20dac000 	C:\WINDOWS\System32\sechost.dll
0x00007ffd21820000 - 0x00007ffd2194b000 	C:\WINDOWS\System32\RPCRT4.dll
0x00007ffd22410000 - 0x00007ffd225b0000 	C:\WINDOWS\System32\USER32.dll
0x00007ffd01600000 - 0x00007ffd0189a000 	C:\WINDOWS\WinSxS\amd64_microsoft.windows.common-controls_6595b64144ccf1df_6.0.19041.844_none_ca00b6081b84eb1d\COMCTL32.dll
0x00007ffd20500000 - 0x00007ffd20522000 	C:\WINDOWS\System32\win32u.dll
0x00007ffd20c50000 - 0x00007ffd20c7a000 	C:\WINDOWS\System32\GDI32.dll
0x00007ffd20530000 - 0x00007ffd2063b000 	C:\WINDOWS\System32\gdi32full.dll
0x00007ffd1ff00000 - 0x00007ffd1ff9d000 	C:\WINDOWS\System32\msvcp_win.dll
0x00007ffd088a0000 - 0x00007ffd088aa000 	C:\WINDOWS\SYSTEM32\VERSION.dll
0x00007ffd21dc0000 - 0x00007ffd21df0000 	C:\WINDOWS\System32\IMM32.DLL
0x00007ffcfd6e0000 - 0x00007ffcfd77b000 	C:\Program Files\Java\jdk-14.0.2\bin\msvcp140.dll
0x00007ffce8650000 - 0x00007ffce916e000 	C:\Program Files\Java\jdk-14.0.2\bin\server\jvm.dll
0x00007ffd20850000 - 0x00007ffd20858000 	C:\WINDOWS\System32\PSAPI.DLL
0x00007ffd087c0000 - 0x00007ffd087c9000 	C:\WINDOWS\SYSTEM32\WSOCK32.dll
0x00007ffd21df0000 - 0x00007ffd21e5b000 	C:\WINDOWS\System32\WS2_32.dll
0x00007ffd0b3c0000 - 0x00007ffd0b3e7000 	C:\WINDOWS\SYSTEM32\WINMM.dll
0x00007ffd1dd00000 - 0x00007ffd1dd12000 	C:\WINDOWS\SYSTEM32\kernel.appcore.dll
0x00007ffd183c0000 - 0x00007ffd183ca000 	C:\Program Files\Java\jdk-14.0.2\bin\jimage.dll
0x00007ffd1d550000 - 0x00007ffd1d734000 	C:\WINDOWS\SYSTEM32\DBGHELP.DLL
0x00007ffd0aa80000 - 0x00007ffd0aaac000 	C:\WINDOWS\SYSTEM32\dbgcore.DLL
0x00007ffd1ffa0000 - 0x00007ffd20020000 	C:\WINDOWS\System32\bcryptPrimitives.dll
0x00007ffd0b6f0000 - 0x00007ffd0b715000 	C:\Program Files\Java\jdk-14.0.2\bin\java.dll
0x00007ffd0bb00000 - 0x00007ffd0bb16000 	C:\Program Files\Java\jdk-14.0.2\bin\zip.dll

dbghelp: loaded successfully - version: 4.0.5 - missing functions: none
symbol engine: initialized successfully - sym options: 0x614 - pdb path: .;C:\Program Files\Java\jdk-14.0.2\bin;C:\WINDOWS\SYSTEM32;C:\WINDOWS\WinSxS\amd64_microsoft.windows.common-controls_6595b64144ccf1df_6.0.19041.844_none_ca00b6081b84eb1d;C:\Program Files\Java\jdk-14.0.2\bin\server

VM Arguments:
jvm_args: --module-path=C:\Kevs CompSci Schooling\javafx-sdk-16\lib --add-modules=javafx.controls,javafx.fxml -Dfile.encoding=Cp1252 
java_command: mru.tsc.application.Main
java_class_path (initial): C:\Users\Kevin\git\assignment-3-team-691\bin;C:\Kevs CompSci Schooling\javafx-sdk-16\lib\javafx.base.jar;C:\Kevs CompSci Schooling\javafx-sdk-16\lib\javafx.controls.jar;C:\Kevs CompSci Schooling\javafx-sdk-16\lib\javafx.fxml.jar;C:\Kevs CompSci Schooling\javafx-sdk-16\lib\javafx.graphics.jar;C:\Kevs CompSci Schooling\javafx-sdk-16\lib\javafx.media.jar;C:\Kevs CompSci Schooling\javafx-sdk-16\lib\javafx.swing.jar;C:\Kevs CompSci Schooling\javafx-sdk-16\lib\javafx.web.jar;C:\Kevs CompSci Schooling\javafx-sdk-16\lib\javafx-swt.jar
Launcher Type: SUN_STANDARD

[Global flags]
     intx CICompilerCount                          = 3                                         {product} {ergonomic}
     uint ConcGCThreads                            = 1                                         {product} {ergonomic}
     uint G1ConcRefinementThreads                  = 4                                         {product} {ergonomic}
   size_t G1HeapRegionSize                         = 1048576                                   {product} {ergonomic}
    uintx GCDrainStackTargetSize                   = 64                                        {product} {ergonomic}
   size_t InitialHeapSize                          = 67108864                                  {product} {ergonomic}
   size_t MarkStackSize                            = 4194304                                   {product} {ergonomic}
   size_t MaxHeapSize                              = 1052770304                                {product} {ergonomic}
   size_t MinHeapDeltaBytes                        = 1048576                                   {product} {ergonomic}
   size_t MinHeapSize                              = 8388608                                   {product} {ergonomic}
    uintx NonNMethodCodeHeapSize                   = 5832780                                {pd product} {ergonomic}
    uintx NonProfiledCodeHeapSize                  = 122912730                              {pd product} {ergonomic}
    uintx ProfiledCodeHeapSize                     = 122912730                              {pd product} {ergonomic}
    uintx ReservedCodeCacheSize                    = 251658240                              {pd product} {ergonomic}
     bool SegmentedCodeCache                       = true                                      {product} {ergonomic}
   size_t SoftMaxHeapSize                          = 1052770304                             {manageable} {ergonomic}
     bool UseCompressedClassPointers               = true                                 {lp64_product} {ergonomic}
     bool UseCompressedOops                        = true                                 {lp64_product} {ergonomic}
     bool UseG1GC                                  = true                                      {product} {ergonomic}
     bool UseLargePagesIndividualAllocation        = false                                  {pd product} {ergonomic}

Logging:
Log output configuration:
 #0: stdout all=warning uptime,level,tags
 #1: stderr all=off uptime,level,tags

Environment Variables:
PATH=C:/Program Files/Java/jdk-14.0.2/bin/server;C:/Program Files/Java/jdk-14.0.2/bin;C:\Kevs CompSci Schooling\bin;C:\Program Files (x86)\Common Files\Oracle\Java\javapath;C:\WINDOWS\system32;C:\WINDOWS;C:\WINDOWS\System32\Wbem;C:\WINDOWS\System32\WindowsPowerShell\v1.0\;C:\WINDOWS\System32\OpenSSH\;C:\Program Files\PuTTY\;C:\Program Files\Git\cmd;C:\Users\Kevin\AppData\Local\Microsoft\WindowsApps;C:\Users\Kevin\AppData\Local\atom\bin;%USERPROFILE%\AppData\Local\Microsoft\WindowsApps;;C:\WINDOWS\system32;
USERNAME=Kevin
OS=Windows_NT
PROCESSOR_IDENTIFIER=Intel64 Family 6 Model 142 Stepping 9, GenuineIntel



---------------  S Y S T E M  ---------------

OS: Windows 10 , 64 bit Build 19041 (10.0.19041.804)
OS uptime: 9 days 3:21 hours

CPU:total 4 (initial active 4) (2 cores per cpu, 2 threads per core) family 6 model 142 stepping 9, cmov, cx8, fxsr, mmx, sse, sse2, sse3, ssse3, sse4.1, sse4.2, popcnt, avx, avx2, aes, clmul, erms, 3dnowpref, lzcnt, ht, tsc, tscinvbit, bmi1, bmi2, adx, fma

Memory: 4k page, system-wide physical 4013M (186M free)
TotalPageFile size 16301M (AvailPageFile size 64M)
current process WorkingSet (physical memory assigned to process): 9M, peak: 9M
current process commit charge ("private bytes"): 51M, peak: 115M

vm_info: Java HotSpot(TM) 64-Bit Server VM (14.0.2+12-46) for windows-amd64 JRE (14.0.2+12-46), built on Jul  9 2020 00:35:52 by "mach5one" with MS VC++ 15.9 (VS2017)

END.
